<?xml version="1.0" encoding="UTF-8"?>
<testng-results ignored="0" total="1" passed="1" failed="0" skipped="0">
  <reporter-output>
  </reporter-output>
  <suite started-at="2023-05-05T21:46:14Z" name="Default suite" finished-at="2023-05-05T21:46:14Z" duration-ms="26">
    <groups>
    </groups>
    <test started-at="2023-05-05T21:46:14Z" name="Default test" finished-at="2023-05-05T21:46:14Z" duration-ms="26">
      <class name="com.testNG.TestNG_Basic_Annotation">
        <test-method is-config="true" signature="beforeSuite()[pri:0, instance:com.testNG.TestNG_Basic_Annotation@1583741e]" started-at="2023-05-05T21:46:14Z" name="beforeSuite" finished-at="2023-05-05T21:46:14Z" duration-ms="10" status="PASS">
          <reporter-output>
          </reporter-output>
        </test-method> <!-- beforeSuite -->
        <test-method is-config="true" signature="beforeTest()[pri:0, instance:com.testNG.TestNG_Basic_Annotation@1583741e]" started-at="2023-05-05T21:46:14Z" name="beforeTest" finished-at="2023-05-05T21:46:14Z" duration-ms="1" status="PASS">
          <reporter-output>
          </reporter-output>
        </test-method> <!-- beforeTest -->
        <test-method is-config="true" signature="beforeClass()[pri:0, instance:com.testNG.TestNG_Basic_Annotation@1583741e]" started-at="2023-05-05T21:46:14Z" name="beforeClass" finished-at="2023-05-05T21:46:14Z" duration-ms="0" status="PASS">
          <reporter-output>
          </reporter-output>
        </test-method> <!-- beforeClass -->
        <test-method is-config="true" signature="beforeMethod()[pri:0, instance:com.testNG.TestNG_Basic_Annotation@1583741e]" started-at="2023-05-05T21:46:14Z" name="beforeMethod" finished-at="2023-05-05T21:46:14Z" duration-ms="1" status="PASS">
          <reporter-output>
          </reporter-output>
        </test-method> <!-- beforeMethod -->
        <test-method signature="testCase1()[pri:0, instance:com.testNG.TestNG_Basic_Annotation@1583741e]" started-at="2023-05-05T21:46:14Z" name="testCase1" finished-at="2023-05-05T21:46:14Z" duration-ms="6" status="PASS">
          <reporter-output>
          </reporter-output>
        </test-method> <!-- testCase1 -->
        <test-method is-config="true" signature="afterMethod()[pri:0, instance:com.testNG.TestNG_Basic_Annotation@1583741e]" started-at="2023-05-05T21:46:14Z" name="afterMethod" finished-at="2023-05-05T21:46:14Z" duration-ms="0" status="PASS">
          <reporter-output>
          </reporter-output>
        </test-method> <!-- afterMethod -->
        <test-method is-config="true" signature="afterClass()[pri:0, instance:com.testNG.TestNG_Basic_Annotation@1583741e]" started-at="2023-05-05T21:46:14Z" name="afterClass" finished-at="2023-05-05T21:46:14Z" duration-ms="0" status="PASS">
          <reporter-output>
          </reporter-output>
        </test-method> <!-- afterClass -->
        <test-method is-config="true" signature="afterTest()[pri:0, instance:com.testNG.TestNG_Basic_Annotation@1583741e]" started-at="2023-05-05T21:46:14Z" name="afterTest" finished-at="2023-05-05T21:46:14Z" duration-ms="0" status="PASS">
          <reporter-output>
          </reporter-output>
        </test-method> <!-- afterTest -->
        <test-method is-config="true" signature="afterSuite()[pri:0, instance:com.testNG.TestNG_Basic_Annotation@1583741e]" started-at="2023-05-05T21:46:14Z" name="afterSuite" finished-at="2023-05-05T21:46:14Z" duration-ms="0" status="PASS">
          <reporter-output>
          </reporter-output>
        </test-method> <!-- afterSuite -->
      </class> <!-- com.testNG.TestNG_Basic_Annotation -->
    </test> <!-- Default test -->
  </suite> <!-- Default suite -->
</testng-results>
