<?xml version="1.0" encoding="UTF-8"?>
<testsuite xmlns:xsi="http://www.w3.org/2001/XMLSchema-instance" xsi:noNamespaceSchemaLocation="https://maven.apache.org/surefire/maven-surefire-plugin/xsd/surefire-test-report-3.0.xsd" version="3.0" name="TestSuite" time="33.211" tests="1" errors="0" skipped="0" failures="0">
  <properties>
[...]
</properties>
  <testcase name="runScenario[&quot;user able to select the product, add to cart, add shipping information, place order, &amp; verify the order confirmation number&quot;, &quot;Optional[user able to purchase the product and verify the order confirmation]&quot;](1)" classname="com.usa.myrunner.My_Runner" time="31.939">
    <system-out><![CDATA[[TestNGContentHandler] [WARN] It is strongly recommended to add "<!DOCTYPE suite SYSTEM "http://testng.org/testng-1.0.dtd" >" at the top of your file, otherwise TestNG may fail or not work as expected.
The finally statement is executed file is found
Test will startrunScenario

Scenario: user able to select the product, add to cart, add shipping information, place order, & verify the order confirmation number &amp#27;[90m# Features/LumaFunctionalTest.feature:4&amp#27;[0m
The finally statement is executed file is found
 INFO [main] (MyHooks.java:12)- >>>>>>>>>>START AUTOMATION<<<<<<<<<<<<<
 INFO [main] (SuperClass.java:53)- >>>>>>>>>>>>>Automation Statrs with Chrome browser <<<<<<<<<<<
 INFO [main] (WebDriverManager.java:966)- Using chromedriver 113.0.5672.63 (resolved driver for Chrome 113)
 INFO [main] (WebDriverManager.java:1021)- Exporting webdriver.chrome.driver as C:\Users\shamm\.cache\selenium\chromedriver\win32\113.0.5672.63\chromedriver.exe
The finally statement is executed file is found
The finally statement is executed file is found
 INFO [main] (Luma_Functional_Test.java:19)- >>>>>>User able to login the application<<<<<<<
Screenshot taken
  &amp#27;[32mGiven &amp#27;[0m&amp#27;[32muser able to login the application&amp#27;[0m                                                                                            &amp#27;[90m# com.usa.stepdefinition.Luma_Functional_Test.user_able_to_login_the_application()&amp#27;[0m
 INFO [main] (Luma_Functional_Test.java:27)- >>>>>>User able to Select Men Module(<<<<<<<
 INFO [main] (Luma_Functional_Test.java:31)- >>>>>>User able to Select Tops From Men Module<<<<<<<
 INFO [main] (Luma_Functional_Test.java:35)- >>>>>>User able to Select Jacket From Men Module<<<<<<
  &amp#27;[32mWhen &amp#27;[0m&amp#27;[32muser able to select Jackets from Men module&amp#27;[0m                                                                                    &amp#27;[90m# com.usa.stepdefinition.Luma_Functional_Test.user_able_to_select_jackets_from_men_module()&amp#27;[0m
 INFO [main] (Luma_Functional_Test.java:42)- >>>>>>User able to SelectJupiterAll_WeatherTrainer<<<<<<<
 INFO [main] (Luma_Functional_Test.java:45)- >>>>>>User able to getSelectSize<<<<<<<
 INFO [main] (Luma_Functional_Test.java:49)- >>>>>>User able to getSelectColor<<<<<<<
 INFO [main] (Luma_Functional_Test.java:54)- >>>>>>User able to getSelectQuantity<<<<<<<
  &amp#27;[32mAnd &amp#27;[0m&amp#27;[32muser able to select a Jacket product's size, color, quantity&amp#27;[0m                                                                    &amp#27;[90m# com.usa.stepdefinition.Luma_Functional_Test.user_able_to_select_a_jacket_product_s_size_color_quantity()&amp#27;[0m
 INFO [main] (Luma_Functional_Test.java:64)- >>>>>>User able to Select Click On AddToCart<<<<<<<
  &amp#27;[32mAnd &amp#27;[0m&amp#27;[32muser able to click add to cart button&amp#27;[0m                                                                                           &amp#27;[90m# com.usa.stepdefinition.Luma_Functional_Test.user_able_to_click_add_to_cart_button()&amp#27;[0m
 INFO [main] (Luma_Functional_Test.java:72)- >>>>>>User able to ClickShoppingCart<<<<<<<
  &amp#27;[32mAnd &amp#27;[0m&amp#27;[32muser able to click on the shopping cart pop-up&amp#27;[0m                                                                                  &amp#27;[90m# com.usa.stepdefinition.Luma_Functional_Test.user_able_to_click_on_the_shopping_cart_pop_up()&amp#27;[0m
 INFO [main] (Luma_Functional_Test.java:80)- >>>>>>User able to Proceed_to_Checkout<<<<<<<
  &amp#27;[32mAnd &amp#27;[0m&amp#27;[32muser able to click on the proceed to checkout&amp#27;[0m                                                                                   &amp#27;[90m# com.usa.stepdefinition.Luma_Functional_Test.user_able_to_click_on_the_proceed_to_checkout()&amp#27;[0m
 INFO [main] (Luma_Functional_Test.java:88)- >>>>>>User able to addNewShippingDetails<<<<<<<
  &amp#27;[32mAnd &amp#27;[0m&amp#27;[32muser able to add shipping information&amp#27;[0m                                                                                           &amp#27;[90m# com.usa.stepdefinition.Luma_Functional_Test.user_able_to_add_shipping_information()&amp#27;[0m
 INFO [main] (Luma_Functional_Test.java:98)- >>>>>>User able to select shipping method radial button and click on next button<<<<<<<
  &amp#27;[32mAnd &amp#27;[0m&amp#27;[32muser able to select shipping method radial button and click on next button&amp#27;[0m                                                      &amp#27;[90m# com.usa.stepdefinition.Luma_Functional_Test.user_able_to_select_shipping_method_radial_button_and_click_on_next_button()&amp#27;[0m
 INFO [main] (Luma_Functional_Test.java:109)- >>>>>>User able to click on PlaceOrder<<<<<<<
  &amp#27;[32mAnd &amp#27;[0m&amp#27;[32muser able to click on the place order button&amp#27;[0m                                                                                    &amp#27;[90m# com.usa.stepdefinition.Luma_Functional_Test.user_able_to_click_on_the_place_order_button()&amp#27;[0m
 INFO [main] (Luma_Functional_Test.java:118)- >>>>>>User able to varify the confirmation message<<<<<<<
Order Confirmation:Thank you for your purchase!
  &amp#27;[32mThen &amp#27;[0m&amp#27;[32muser able to verify the confirmation message &amp#27;[0m&amp#27;[32m&amp#27;[1m"Thank you for your purchase!"&amp#27;[0m                                                    &amp#27;[90m# com.usa.stepdefinition.Luma_Functional_Test.user_able_to_verify_the_confirmation_message(java.lang.String)&amp#27;[0m
 INFO [main] (MyHooks.java:19)- >>>>>>>>>>>END AUTOMATION<<<<<<<<<<<<<<
Test will successrunScenario
]]></system-out>
    <system-err><![CDATA[Starting ChromeDriver 113.0.5672.63 (0e1a4471d5ae5bf128b1bd8f4d627c8cbd55f70c-refs/branch-heads/5672@{#912}) on port 6404
Only local connections are allowed.
Please see https://chromedriver.chromium.org/security-considerations for suggestions on keeping ChromeDriver safe.
ChromeDriver was started successfully.
May 18, 2023 6:47:23 PM org.openqa.selenium.remote.ProtocolHandshake createSession
INFO: Detected dialect: W3C
]]></system-err>
  </testcase>
</testsuite>