<?xml version="1.0" encoding="UTF-8"?>
<testng-results ignored="0" total="1" passed="1" failed="0" skipped="0">
  <reporter-output>
  </reporter-output>
  <suite started-at="2023-05-18T22:47:21Z" name="Suite1" finished-at="2023-05-18T22:47:53Z" duration-ms="32278">
    <groups>
      <group name="cucumber">
        <method signature="AbstractTestNGCucumberTests.runScenario(io.cucumber.testng.PickleWrapper, io.cucumber.testng.FeatureWrapper)[pri:0, instance:com.usa.myrunner.My_Runner@331acdad]" name="runScenario" class="io.cucumber.testng.AbstractTestNGCucumberTests"/>
      </group> <!-- cucumber -->
    </groups>
    <test started-at="2023-05-18T22:47:21Z" name="functionaltest" finished-at="2023-05-18T22:47:53Z" duration-ms="32278">
      <class name="com.usa.myrunner.My_Runner">
        <test-method is-config="true" signature="setUpClass()[pri:0, instance:com.usa.myrunner.My_Runner@331acdad]" started-at="2023-05-18T22:47:21Z" name="setUpClass" finished-at="2023-05-18T22:47:21Z" duration-ms="247" status="PASS">
          <reporter-output>
          </reporter-output>
        </test-method> <!-- setUpClass -->
        <test-method signature="runScenario(io.cucumber.testng.PickleWrapper, io.cucumber.testng.FeatureWrapper)[pri:0, instance:com.usa.myrunner.My_Runner@331acdad]" started-at="2023-05-18T22:47:21Z" name="runScenario" description="Runs Cucumber Scenarios" data-provider="scenarios" finished-at="2023-05-18T22:47:53Z" duration-ms="31921" status="PASS">
          <params>
            <param index="0">
              <value>
                <![CDATA["user able to select the product, add to cart, add shipping information, place order, & verify the order confirmation number"]]>
              </value>
            </param>
            <param index="1">
              <value>
                <![CDATA["Optional[user able to purchase the product and verify the order confirmation]"]]>
              </value>
            </param>
          </params>
          <reporter-output>
          </reporter-output>
        </test-method> <!-- runScenario -->
        <test-method is-config="true" signature="tearDownClass()[pri:0, instance:com.usa.myrunner.My_Runner@331acdad]" started-at="2023-05-18T22:47:53Z" name="tearDownClass" finished-at="2023-05-18T22:47:53Z" duration-ms="96" status="PASS">
          <reporter-output>
          </reporter-output>
        </test-method> <!-- tearDownClass -->
      </class> <!-- com.usa.myrunner.My_Runner -->
    </test> <!-- functionaltest -->
  </suite> <!-- Suite1 -->
</testng-results>
